<?xml version="1.0" encoding="UTF-8"?>
<robot generator="Robot 5.0 (Python 3.8.9 on darwin)" generated="20220519 16:33:30.280" rpa="false" schemaversion="3">
<suite id="s1" name="Testcase" source="/Users/shawnchen/Desktop/github/Robot-Framework-Guide-Blog/testcase">
<suite id="s1-s1" name="Test Search" source="/Users/shawnchen/Desktop/github/Robot-Framework-Guide-Blog/testcase/test_search.robot">
<test id="s1-s1-t1" name="Google Text And Verify Content Would Show Up" line="9">
<kw name="TestSetup" type="SETUP">
<kw name="Set Test Variable" library="BuiltIn">
<arg>${SEARCH_TEXT}</arg>
<arg>robot</arg>
<doc>Makes a variable available everywhere within the scope of the current test.</doc>
<msg timestamp="20220519 16:33:30.346" level="INFO">${SEARCH_TEXT} = robot</msg>
<status status="PASS" starttime="20220519 16:33:30.345" endtime="20220519 16:33:30.346"/>
</kw>
<kw name="Create Webdriver" library="Selenium2Library">
<arg>Chrome</arg>
<arg>executable_path=${DRIVER_PATH}</arg>
<doc>Creates an instance of Selenium WebDriver.</doc>
<msg timestamp="20220519 16:33:30.346" level="INFO">Creating an instance of the Chrome WebDriver.</msg>
<status status="PASS" starttime="20220519 16:33:30.346" endtime="20220519 16:33:31.745"/>
</kw>
<status status="PASS" starttime="20220519 16:33:30.345" endtime="20220519 16:33:31.746"/>
</kw>
<kw name="Go To" library="Selenium2Library">
<arg>https://www.google.com</arg>
<doc>Navigates the current browser window to the provided ``url``.</doc>
<msg timestamp="20220519 16:33:31.746" level="INFO">Opening url 'https://www.google.com'</msg>
<status status="PASS" starttime="20220519 16:33:31.746" endtime="20220519 16:33:32.219"/>
</kw>
<kw name="Wait Until Element Is Visible" library="Selenium2Library">
<arg>${GOOGLE_INPUT_FIELD}</arg>
<doc>Waits until the element ``locator`` is visible.</doc>
<status status="PASS" starttime="20220519 16:33:32.219" endtime="20220519 16:33:32.230"/>
</kw>
<kw name="Input Text" library="Selenium2Library">
<arg>${GOOGLE_INPUT_FIELD}</arg>
<arg>${SEARCH_TEXT}</arg>
<doc>Types the given ``text`` into the text field identified by ``locator``.</doc>
<msg timestamp="20220519 16:33:32.231" level="INFO">Typing text 'robot' into text field '//input[@name="q"]'.</msg>
<status status="PASS" starttime="20220519 16:33:32.230" endtime="20220519 16:33:32.291"/>
</kw>
<kw name="Wait Until Element Is Visible" library="Selenium2Library">
<arg>${GOOGLE_SEARCH_BTN}</arg>
<doc>Waits until the element ``locator`` is visible.</doc>
<status status="PASS" starttime="20220519 16:33:32.292" endtime="20220519 16:33:32.520"/>
</kw>
<kw name="Click Element" library="Selenium2Library">
<arg>${GOOGLE_SEARCH_BTN}</arg>
<doc>Click the element identified by ``locator``.</doc>
<msg timestamp="20220519 16:33:32.520" level="INFO">Clicking element '//input[@name="btnK"]'.</msg>
<status status="PASS" starttime="20220519 16:33:32.520" endtime="20220519 16:33:33.940"/>
</kw>
<kw name="Wait Until Page Contains" library="Selenium2Library">
<arg>${SEARCH_TEXT}</arg>
<doc>Waits until ``text`` appears on the current page.</doc>
<status status="PASS" starttime="20220519 16:33:33.940" endtime="20220519 16:33:33.953"/>
</kw>
<kw name="TestTeardown" type="TEARDOWN">
<kw name="Close Browser" library="Selenium2Library">
<doc>Closes the current browser.</doc>
<status status="PASS" starttime="20220519 16:33:33.953" endtime="20220519 16:33:34.017"/>
</kw>
<status status="PASS" starttime="20220519 16:33:33.953" endtime="20220519 16:33:34.017"/>
</kw>
<tag>SearchGoogle</tag>
<timeout value="15 minutes"/>
<status status="PASS" starttime="20220519 16:33:30.345" endtime="20220519 16:33:34.017"/>
</test>
<doc>Go to Google.com</doc>
<status status="PASS" starttime="20220519 16:33:30.288" endtime="20220519 16:33:34.018"/>
</suite>
<status status="PASS" starttime="20220519 16:33:30.281" endtime="20220519 16:33:34.018"/>
</suite>
<statistics>
<total>
<stat pass="1" fail="0" skip="0">All Tests</stat>
</total>
<tag>
<stat pass="1" fail="0" skip="0">SearchGoogle</stat>
</tag>
<suite>
<stat pass="1" fail="0" skip="0" id="s1" name="Testcase">Testcase</stat>
<stat pass="1" fail="0" skip="0" id="s1-s1" name="Test Search">Testcase.Test Search</stat>
</suite>
</statistics>
<errors>
</errors>
</robot>
