<?xml version="1.0" encoding="UTF-8"?>
<robot generator="Robot 5.0 (Python 3.8.9 on darwin)" generated="20220516 23:21:55.170" rpa="false" schemaversion="3">
<suite id="s1" name="test weatherAPI" source="/Users/shawnchen/Desktop/robot_automation/api_testcase/test_weatherAPI.robot">
<test id="s1-t1" name="Get Weather With State Name Should Respond 200" line="9">
<kw name="Get Weather" library="weather_api">
<var>${resp}</var>
<arg>CA</arg>
<msg timestamp="20220516 23:21:56.264" level="INFO">${resp} = &lt;Response [200]&gt;</msg>
<status status="PASS" starttime="20220516 23:21:55.203" endtime="20220516 23:21:56.264"/>
</kw>
<kw name="Verify Status Code Should Be Expected" library="keywords_common">
<arg>${resp}</arg>
<arg>200</arg>
<kw name="Should Be Equal As Strings" library="BuiltIn">
<arg>${resp.status_code}</arg>
<arg>${statusCode}</arg>
<doc>Fails if objects are unequal after converting them to strings.</doc>
<msg timestamp="20220516 23:21:56.267" level="INFO">Argument types are:
&lt;class 'int'&gt;
&lt;class 'str'&gt;</msg>
<status status="PASS" starttime="20220516 23:21:56.266" endtime="20220516 23:21:56.268"/>
</kw>
<status status="PASS" starttime="20220516 23:21:56.265" endtime="20220516 23:21:56.268"/>
</kw>
<kw name="Verify Response Content Should Be Expected" library="keywords_common">
<arg>${resp.json()['features'][0]['geometry']}</arg>
<arg>${None}</arg>
<kw name="Should Be Equal As Strings" library="BuiltIn">
<arg>${resp}</arg>
<arg>${content}</arg>
<doc>Fails if objects are unequal after converting them to strings.</doc>
<status status="PASS" starttime="20220516 23:21:56.269" endtime="20220516 23:21:56.270"/>
</kw>
<status status="PASS" starttime="20220516 23:21:56.268" endtime="20220516 23:21:56.270"/>
</kw>
<tag>Weather_A</tag>
<tag>WeatherAPI</tag>
<timeout value="15 minutes"/>
<status status="PASS" starttime="20220516 23:21:55.203" endtime="20220516 23:21:56.270"/>
</test>
<test id="s1-t2" name="Get Weather With Invalid State Name Should Respond 400" line="15">
<kw name="Get Weather" library="weather_api">
<var>${resp}</var>
<arg>RANDOM_STRING</arg>
<msg timestamp="20220516 23:21:56.771" level="INFO">${resp} = &lt;Response [400]&gt;</msg>
<status status="PASS" starttime="20220516 23:21:56.271" endtime="20220516 23:21:56.772"/>
</kw>
<kw name="Verify Status Code Should Be Expected" library="keywords_common">
<arg>${resp}</arg>
<arg>400</arg>
<kw name="Should Be Equal As Strings" library="BuiltIn">
<arg>${resp.status_code}</arg>
<arg>${statusCode}</arg>
<doc>Fails if objects are unequal after converting them to strings.</doc>
<msg timestamp="20220516 23:21:56.774" level="INFO">Argument types are:
&lt;class 'int'&gt;
&lt;class 'str'&gt;</msg>
<status status="PASS" starttime="20220516 23:21:56.773" endtime="20220516 23:21:56.774"/>
</kw>
<status status="PASS" starttime="20220516 23:21:56.772" endtime="20220516 23:21:56.774"/>
</kw>
<kw name="Verify Response Content Should Be Expected" library="keywords_common">
<arg>${resp.json()['title']}</arg>
<arg>Bad Request</arg>
<kw name="Should Be Equal As Strings" library="BuiltIn">
<arg>${resp}</arg>
<arg>${content}</arg>
<doc>Fails if objects are unequal after converting them to strings.</doc>
<status status="PASS" starttime="20220516 23:21:56.776" endtime="20220516 23:21:56.776"/>
</kw>
<status status="PASS" starttime="20220516 23:21:56.775" endtime="20220516 23:21:56.776"/>
</kw>
<tag>WeatherAPI</tag>
<tag>Weather_B</tag>
<timeout value="15 minutes"/>
<status status="PASS" starttime="20220516 23:21:56.271" endtime="20220516 23:21:56.776"/>
</test>
<doc>Verify weather gov api is working</doc>
<status status="PASS" starttime="20220516 23:21:55.171" endtime="20220516 23:21:56.777"/>
</suite>
<statistics>
<total>
<stat pass="2" fail="0" skip="0">All Tests</stat>
</total>
<tag>
<stat pass="1" fail="0" skip="0">Weather_A</stat>
<stat pass="2" fail="0" skip="0">WeatherAPI</stat>
<stat pass="1" fail="0" skip="0">Weather_B</stat>
</tag>
<suite>
<stat pass="2" fail="0" skip="0" id="s1" name="test weatherAPI">test weatherAPI</stat>
</suite>
</statistics>
<errors>
</errors>
</robot>
